<?xml version="1.0" encoding="UTF-8"?>
<!-- Generated by org.testng.reporters.JUnitReportReporter -->
<testsuite skipped="0" hostname="DESKTOP-UKA84OO" name="com.training.sanity.tests.LoginTests2" tests="1" failures="0" timestamp="13 Jun 2019 13:43:38 GMT" time="15.196" errors="0">
  <testcase name="validLoginTest" time="15.196" classname="com.training.sanity.tests.LoginTests2"/>
</testsuite> <!-- com.training.sanity.tests.LoginTests2 -->
