<?xml version="1.0" encoding="UTF-8"?>
<!-- Generated by org.testng.reporters.JUnitReportReporter -->
<testsuite skipped="0" hostname="DESKTOP-UKA84OO" name="com.training.sanity.tests.LoginTests4" tests="1" failures="0" timestamp="20 Jun 2019 07:06:21 GMT" time="12.195" errors="0">
  <testcase name="validLoginTest" time="12.195" classname="com.training.sanity.tests.LoginTests4"/>
</testsuite> <!-- com.training.sanity.tests.LoginTests4 -->
