<?xml version="1.0" encoding="UTF-8"?>
<!-- Generated by org.testng.reporters.JUnitReportReporter -->
<testsuite skipped="0" hostname="DESKTOP-UKA84OO" name="com.training.sanity.tests.LoginTests3" tests="1" failures="0" timestamp="20 Jun 2019 01:56:57 GMT" time="9.011" errors="0">
  <testcase name="validLoginTest" time="9.011" classname="com.training.sanity.tests.LoginTests3"/>
</testsuite> <!-- com.training.sanity.tests.LoginTests3 -->
