<?xml version="1.0" encoding="UTF-8"?>
<!-- Generated by org.testng.reporters.JUnitReportReporter -->
<testsuite skipped="0" hostname="DESKTOP-UKA84OO" name="com.training.sanity.tests.LoginTests1" tests="1" failures="0" timestamp="13 Jun 2019 13:00:13 GMT" time="12.747" errors="0">
  <testcase name="validLoginTest" time="12.747" classname="com.training.sanity.tests.LoginTests1"/>
</testsuite> <!-- com.training.sanity.tests.LoginTests1 -->
